This file contains any messages produced by compilers while
running configure, to aid debugging if configure makes a mistake.

It was created by libclamavc++ configure devel, which was
generated by GNU Autoconf 2.69.  Invocation command line was

  $ ./configure --disable-option-checking --prefix=/usr/local --with-user=root --with-group=root --enable-ltdl-convenience --cache-file=/dev/null --srcdir=.

## --------- ##
## Platform. ##
## --------- ##

hostname = localhost
uname -m = x86_64
uname -r = 2.6.32-696.el6.x86_64
uname -s = Linux
uname -v = #1 SMP Tue Mar 21 19:29:05 UTC 2017

/usr/bin/uname -p = unknown
/bin/uname -X     = unknown

/bin/arch              = x86_64
/usr/bin/arch -k       = unknown
/usr/convex/getsysinfo = unknown
/usr/bin/hostinfo      = unknown
/bin/machine           = unknown
/usr/bin/oslevel       = unknown
/bin/universe          = unknown

PATH: /usr/local/sbin
PATH: /usr/local/bin
PATH: /sbin
PATH: /bin
PATH: /usr/sbin
PATH: /usr/bin
PATH: /root/bin


## ----------- ##
## Core tests. ##
## ----------- ##

configure:2387: checking build system type
configure:2401: result: x86_64-unknown-linux-gnu
configure:2421: checking host system type
configure:2434: result: x86_64-unknown-linux-gnu
configure:2454: checking target system type
configure:2467: result: x86_64-unknown-linux-gnu
configure:2509: checking for a BSD-compatible install
configure:2577: result: /usr/bin/install -c
configure:2588: checking whether build environment is sane
configure:2643: result: yes
configure:2794: checking for a thread-safe mkdir -p
configure:2833: result: /bin/mkdir -p
configure:2840: checking for gawk
configure:2856: found /bin/gawk
configure:2867: result: gawk
configure:2878: checking whether make sets $(MAKE)
configure:2900: result: yes
configure:2929: checking whether make supports nested variables
configure:2946: result: yes
configure:3016: checking how to create a pax tar archive
configure:3027: tar --version
tar (GNU tar) 1.23
Copyright (C) 2010 Free Software Foundation, Inc.
License GPLv3+: GNU GPL version 3 or later <http://gnu.org/licenses/gpl.html>.
This is free software: you are free to change and redistribute it.
There is NO WARRANTY, to the extent permitted by law.

Written by John Gilmore and Jay Fenlason.
configure:3030: $? = 0
configure:3070: tardir=conftest.dir && eval tar --format=posix -chf - "$tardir" >conftest.tar
configure:3073: $? = 0
configure:3077: tar -xf - <conftest.tar
configure:3080: $? = 0
configure:3082: cat conftest.dir/file
GrepMe
configure:3085: $? = 0
configure:3098: result: gnutar
configure:3158: checking whether make supports nested variables
configure:3175: result: yes
configure:3246: checking for g++
configure:3262: found /usr/bin/g++
configure:3273: result: g++
configure:3300: checking for C++ compiler version
configure:3309: g++ --version >&5
g++ (GCC) 4.4.7 20120313 (Red Hat 4.4.7-18)
Copyright (C) 2010 Free Software Foundation, Inc.
This is free software; see the source for copying conditions.  There is NO
warranty; not even for MERCHANTABILITY or FITNESS FOR A PARTICULAR PURPOSE.

configure:3320: $? = 0
configure:3309: g++ -v >&5
Using built-in specs.
Target: x86_64-redhat-linux
Configured with: ../configure --prefix=/usr --mandir=/usr/share/man --infodir=/usr/share/info --with-bugurl=http://bugzilla.redhat.com/bugzilla --enable-bootstrap --enable-shared --enable-threads=posix --enable-checking=release --with-system-zlib --enable-__cxa_atexit --disable-libunwind-exceptions --enable-gnu-unique-object --enable-languages=c,c++,objc,obj-c++,java,fortran,ada --enable-java-awt=gtk --disable-dssi --with-java-home=/usr/lib/jvm/java-1.5.0-gcj-1.5.0.0/jre --enable-libgcj-multifile --enable-java-maintainer-mode --with-ecj-jar=/usr/share/java/eclipse-ecj.jar --disable-libjava-multilib --with-ppl --with-cloog --with-tune=generic --with-arch_32=i686 --build=x86_64-redhat-linux
Thread model: posix
gcc version 4.4.7 20120313 (Red Hat 4.4.7-18) (GCC) 
configure:3320: $? = 0
configure:3309: g++ -V >&5
g++: '-V' option must have argument
configure:3320: $? = 1
configure:3309: g++ -qversion >&5
g++: unrecognized option '-qversion'
g++: no input files
configure:3320: $? = 1
configure:3340: checking whether the C++ compiler works
configure:3362: g++    conftest.cpp  >&5
configure:3366: $? = 0
configure:3414: result: yes
configure:3417: checking for C++ compiler default output file name
configure:3419: result: a.out
configure:3425: checking for suffix of executables
configure:3432: g++ -o conftest    conftest.cpp  >&5
configure:3436: $? = 0
configure:3458: result: 
configure:3480: checking whether we are cross compiling
configure:3488: g++ -o conftest    conftest.cpp  >&5
configure:3492: $? = 0
configure:3499: ./conftest
configure:3503: $? = 0
configure:3518: result: no
configure:3523: checking for suffix of object files
configure:3545: g++ -c   conftest.cpp >&5
configure:3549: $? = 0
configure:3570: result: o
configure:3574: checking whether we are using the GNU C++ compiler
configure:3593: g++ -c   conftest.cpp >&5
configure:3593: $? = 0
configure:3602: result: yes
configure:3611: checking whether g++ accepts -g
configure:3631: g++ -c -g  conftest.cpp >&5
configure:3631: $? = 0
configure:3672: result: yes
configure:3706: checking for style of include used by make
configure:3734: result: GNU
configure:3760: checking dependency style of g++
configure:3871: result: gcc3
configure:3934: checking for gcc
configure:3950: found /usr/bin/gcc
configure:3961: result: gcc
configure:4190: checking for C compiler version
configure:4199: gcc --version >&5
gcc (GCC) 4.4.7 20120313 (Red Hat 4.4.7-18)
Copyright (C) 2010 Free Software Foundation, Inc.
This is free software; see the source for copying conditions.  There is NO
warranty; not even for MERCHANTABILITY or FITNESS FOR A PARTICULAR PURPOSE.

configure:4210: $? = 0
configure:4199: gcc -v >&5
Using built-in specs.
Target: x86_64-redhat-linux
Configured with: ../configure --prefix=/usr --mandir=/usr/share/man --infodir=/usr/share/info --with-bugurl=http://bugzilla.redhat.com/bugzilla --enable-bootstrap --enable-shared --enable-threads=posix --enable-checking=release --with-system-zlib --enable-__cxa_atexit --disable-libunwind-exceptions --enable-gnu-unique-object --enable-languages=c,c++,objc,obj-c++,java,fortran,ada --enable-java-awt=gtk --disable-dssi --with-java-home=/usr/lib/jvm/java-1.5.0-gcj-1.5.0.0/jre --enable-libgcj-multifile --enable-java-maintainer-mode --with-ecj-jar=/usr/share/java/eclipse-ecj.jar --disable-libjava-multilib --with-ppl --with-cloog --with-tune=generic --with-arch_32=i686 --build=x86_64-redhat-linux
Thread model: posix
gcc version 4.4.7 20120313 (Red Hat 4.4.7-18) (GCC) 
configure:4210: $? = 0
configure:4199: gcc -V >&5
gcc: '-V' option must have argument
configure:4210: $? = 1
configure:4199: gcc -qversion >&5
gcc: unrecognized option '-qversion'
gcc: no input files
configure:4210: $? = 1
configure:4214: checking whether we are using the GNU C compiler
configure:4233: gcc -c   conftest.c >&5
configure:4233: $? = 0
configure:4242: result: yes
configure:4251: checking whether gcc accepts -g
configure:4271: gcc -c -g  conftest.c >&5
configure:4271: $? = 0
configure:4312: result: yes
configure:4329: checking for gcc option to accept ISO C89
configure:4392: gcc  -c -g -O2  conftest.c >&5
configure:4392: $? = 0
configure:4405: result: none needed
configure:4430: checking whether gcc understands -c and -o together
configure:4452: gcc -c conftest.c -o conftest2.o
configure:4455: $? = 0
configure:4452: gcc -c conftest.c -o conftest2.o
configure:4455: $? = 0
configure:4467: result: yes
configure:4486: checking dependency style of gcc
configure:4597: result: gcc3
configure:4618: checking how to run the C preprocessor
configure:4649: gcc -E  conftest.c
configure:4649: $? = 0
configure:4663: gcc -E  conftest.c
conftest.c:9:28: error: ac_nonexistent.h: No such file or directory
configure:4663: $? = 1
configure: failed program was:
| /* confdefs.h */
| #define PACKAGE_NAME "libclamavc++"
| #define PACKAGE_TARNAME "libclamavc--"
| #define PACKAGE_VERSION "devel"
| #define PACKAGE_STRING "libclamavc++ devel"
| #define PACKAGE_BUGREPORT "http://bugs.clamav.net"
| #define PACKAGE_URL ""
| /* end confdefs.h.  */
| #include <ac_nonexistent.h>
configure:4688: result: gcc -E
configure:4708: gcc -E  conftest.c
configure:4708: $? = 0
configure:4722: gcc -E  conftest.c
conftest.c:9:28: error: ac_nonexistent.h: No such file or directory
configure:4722: $? = 1
configure: failed program was:
| /* confdefs.h */
| #define PACKAGE_NAME "libclamavc++"
| #define PACKAGE_TARNAME "libclamavc--"
| #define PACKAGE_VERSION "devel"
| #define PACKAGE_STRING "libclamavc++ devel"
| #define PACKAGE_BUGREPORT "http://bugs.clamav.net"
| #define PACKAGE_URL ""
| /* end confdefs.h.  */
| #include <ac_nonexistent.h>
configure:4751: checking for grep that handles long lines and -e
configure:4809: result: /bin/grep
configure:4814: checking for egrep
configure:4876: result: /bin/grep -E
configure:4881: checking for ANSI C header files
configure:4901: gcc -c -g -O2  conftest.c >&5
configure:4901: $? = 0
configure:4974: gcc -o conftest -g -O2   conftest.c  >&5
configure:4974: $? = 0
configure:4974: ./conftest
configure:4974: $? = 0
configure:4985: result: yes
configure:4998: checking for sys/types.h
configure:4998: gcc -c -g -O2  conftest.c >&5
configure:4998: $? = 0
configure:4998: result: yes
configure:4998: checking for sys/stat.h
configure:4998: gcc -c -g -O2  conftest.c >&5
configure:4998: $? = 0
configure:4998: result: yes
configure:4998: checking for stdlib.h
configure:4998: gcc -c -g -O2  conftest.c >&5
configure:4998: $? = 0
configure:4998: result: yes
configure:4998: checking for string.h
configure:4998: gcc -c -g -O2  conftest.c >&5
configure:4998: $? = 0
configure:4998: result: yes
configure:4998: checking for memory.h
configure:4998: gcc -c -g -O2  conftest.c >&5
configure:4998: $? = 0
configure:4998: result: yes
configure:4998: checking for strings.h
configure:4998: gcc -c -g -O2  conftest.c >&5
configure:4998: $? = 0
configure:4998: result: yes
configure:4998: checking for inttypes.h
configure:4998: gcc -c -g -O2  conftest.c >&5
configure:4998: $? = 0
configure:4998: result: yes
configure:4998: checking for stdint.h
configure:4998: gcc -c -g -O2  conftest.c >&5
configure:4998: $? = 0
configure:4998: result: yes
configure:4998: checking for unistd.h
configure:4998: gcc -c -g -O2  conftest.c >&5
configure:4998: $? = 0
configure:4998: result: yes
configure:5010: checking whether byte ordering is bigendian
configure:5025: gcc -c -g -O2  conftest.c >&5
conftest.c:20: error: expected '=', ',', ';', 'asm' or '__attribute__' before 'a'
configure:5025: $? = 1
configure: failed program was:
| /* confdefs.h */
| #define PACKAGE_NAME "libclamavc++"
| #define PACKAGE_TARNAME "libclamavc--"
| #define PACKAGE_VERSION "devel"
| #define PACKAGE_STRING "libclamavc++ devel"
| #define PACKAGE_BUGREPORT "http://bugs.clamav.net"
| #define PACKAGE_URL ""
| #define STDC_HEADERS 1
| #define HAVE_SYS_TYPES_H 1
| #define HAVE_SYS_STAT_H 1
| #define HAVE_STDLIB_H 1
| #define HAVE_STRING_H 1
| #define HAVE_MEMORY_H 1
| #define HAVE_STRINGS_H 1
| #define HAVE_INTTYPES_H 1
| #define HAVE_STDINT_H 1
| #define HAVE_UNISTD_H 1
| /* end confdefs.h.  */
| #ifndef __APPLE_CC__
| 	       not a universal capable compiler
| 	     #endif
| 	     typedef int dummy;
| 
configure:5070: gcc -c -g -O2  conftest.c >&5
configure:5070: $? = 0
configure:5088: gcc -c -g -O2  conftest.c >&5
conftest.c: In function 'main':
conftest.c:26: error: 'not' undeclared (first use in this function)
conftest.c:26: error: (Each undeclared identifier is reported only once
conftest.c:26: error: for each function it appears in.)
conftest.c:26: error: expected ';' before 'big'
configure:5088: $? = 1
configure: failed program was:
| /* confdefs.h */
| #define PACKAGE_NAME "libclamavc++"
| #define PACKAGE_TARNAME "libclamavc--"
| #define PACKAGE_VERSION "devel"
| #define PACKAGE_STRING "libclamavc++ devel"
| #define PACKAGE_BUGREPORT "http://bugs.clamav.net"
| #define PACKAGE_URL ""
| #define STDC_HEADERS 1
| #define HAVE_SYS_TYPES_H 1
| #define HAVE_SYS_STAT_H 1
| #define HAVE_STDLIB_H 1
| #define HAVE_STRING_H 1
| #define HAVE_MEMORY_H 1
| #define HAVE_STRINGS_H 1
| #define HAVE_INTTYPES_H 1
| #define HAVE_STDINT_H 1
| #define HAVE_UNISTD_H 1
| /* end confdefs.h.  */
| #include <sys/types.h>
| 		#include <sys/param.h>
| 
| int
| main ()
| {
| #if BYTE_ORDER != BIG_ENDIAN
| 		 not big endian
| 		#endif
| 
|   ;
|   return 0;
| }
configure:5216: result: no
configure:5247: checking for OpenSSL installation
configure:5265: result: /usr
configure:5295: checking for SSL_library_init in -lssl
configure:5320: gcc -o conftest -g -O2   conftest.c -lssl -lcrypto -lz  >&5
configure:5320: $? = 0
configure:5329: result: yes
configure:5338: checking for EVP_EncryptInit in -lcrypto
configure:5363: gcc -o conftest -g -O2   conftest.c -lcrypto -lcrypto -lz  >&5
configure:5363: $? = 0
configure:5372: result: yes
configure:5381: checking for X509_VERIFY_PARAM_new in -lssl
configure:5406: gcc -o conftest -g -O2   conftest.c -lssl -lcrypto -lz  >&5
configure:5406: $? = 0
configure:5415: result: yes
configure:5437: checking whether to enable maintainer-specific portions of Makefiles
configure:5446: result: no
configure:5505: checking how to print strings
configure:5532: result: printf
configure:5553: checking for a sed that does not truncate output
configure:5617: result: /bin/sed
configure:5635: checking for fgrep
configure:5697: result: /bin/grep -F
configure:5732: checking for ld used by gcc
configure:5799: result: /usr/bin/ld
configure:5806: checking if the linker (/usr/bin/ld) is GNU ld
configure:5821: result: yes
configure:5833: checking for BSD- or MS-compatible name lister (nm)
configure:5887: result: /usr/bin/nm -B
configure:6017: checking the name lister (/usr/bin/nm -B) interface
configure:6024: gcc -c -g -O2  conftest.c >&5
configure:6027: /usr/bin/nm -B "conftest.o"
configure:6030: output
0000000000000000 B some_variable
configure:6037: result: BSD nm
configure:6040: checking whether ln -s works
configure:6044: result: yes
configure:6052: checking the maximum length of command line arguments
configure:6183: result: 1966080
configure:6231: checking how to convert x86_64-unknown-linux-gnu file names to x86_64-unknown-linux-gnu format
configure:6271: result: func_convert_file_noop
configure:6278: checking how to convert x86_64-unknown-linux-gnu file names to toolchain format
configure:6298: result: func_convert_file_noop
configure:6305: checking for /usr/bin/ld option to reload object files
configure:6312: result: -r
configure:6386: checking for objdump
configure:6402: found /usr/bin/objdump
configure:6413: result: objdump
configure:6445: checking how to recognize dependent libraries
configure:6645: result: pass_all
configure:6730: checking for dlltool
configure:6760: result: no
configure:6790: checking how to associate runtime and link libraries
configure:6817: result: printf %s\n
configure:6877: checking for ar
configure:6893: found /usr/bin/ar
configure:6904: result: ar
configure:6941: checking for archiver @FILE support
configure:6958: gcc -c -g -O2  conftest.c >&5
configure:6958: $? = 0
configure:6961: ar cru libconftest.a @conftest.lst >&5
configure:6964: $? = 0
configure:6969: ar cru libconftest.a @conftest.lst >&5
ar: conftest.o: No such file or directory
configure:6972: $? = 1
configure:6984: result: @
configure:7042: checking for strip
configure:7058: found /usr/bin/strip
configure:7069: result: strip
configure:7141: checking for ranlib
configure:7157: found /usr/bin/ranlib
configure:7168: result: ranlib
configure:7270: checking command to parse /usr/bin/nm -B output from gcc object
configure:7423: gcc -c -g -O2  conftest.c >&5
configure:7426: $? = 0
configure:7430: /usr/bin/nm -B conftest.o \| sed -n -e 's/^.*[ ]\([ABCDGIRSTW][ABCDGIRSTW]*\)[ ][ ]*\([_A-Za-z][_A-Za-z0-9]*\)$/\1 \2 \2/p' | sed '/ __gnu_lto/d' \> conftest.nm
configure:7433: $? = 0
configure:7499: gcc -o conftest -g -O2   conftest.c conftstm.o >&5
configure:7502: $? = 0
configure:7540: result: ok
configure:7587: checking for sysroot
configure:7617: result: no
configure:7624: checking for a working dd
configure:7662: result: /bin/dd
configure:7666: checking how to truncate binary pipes
configure:7681: result: /bin/dd bs=4096 count=1
configure:7817: gcc -c -g -O2  conftest.c >&5
configure:7820: $? = 0
configure:8010: checking for mt
configure:8040: result: no
configure:8060: checking if : is a manifest tool
configure:8066: : '-?'
configure:8074: result: no
configure:8748: checking for dlfcn.h
configure:8748: gcc -c -g -O2  conftest.c >&5
configure:8748: $? = 0
configure:8748: result: yes
configure:9014: checking for objdir
configure:9029: result: .libs
configure:9293: checking if gcc supports -fno-rtti -fno-exceptions
configure:9311: gcc -c -g -O2  -fno-rtti -fno-exceptions conftest.c >&5
cc1: warning: command line option "-fno-rtti" is valid for C++/ObjC++ but not for C
configure:9315: $? = 0
configure:9328: result: no
configure:9686: checking for gcc option to produce PIC
configure:9693: result: -fPIC -DPIC
configure:9701: checking if gcc PIC flag -fPIC -DPIC works
configure:9719: gcc -c -g -O2  -fPIC -DPIC -DPIC conftest.c >&5
configure:9723: $? = 0
configure:9736: result: yes
configure:9765: checking if gcc static flag -static works
configure:9793: result: no
configure:9808: checking if gcc supports -c -o file.o
configure:9829: gcc -c -g -O2  -o out/conftest2.o conftest.c >&5
configure:9833: $? = 0
configure:9855: result: yes
configure:9863: checking if gcc supports -c -o file.o
configure:9910: result: yes
configure:9943: checking whether the gcc linker (/usr/bin/ld -m elf_x86_64) supports shared libraries
configure:11202: result: yes
configure:11239: checking whether -lc should be explicitly linked in
configure:11247: gcc -c -g -O2  conftest.c >&5
configure:11250: $? = 0
configure:11265: gcc -shared  -fPIC -DPIC conftest.o  -v -Wl,-soname -Wl,conftest -o conftest 2\>\&1 \| /bin/grep  -lc  \>/dev/null 2\>\&1
configure:11268: $? = 0
configure:11282: result: no
configure:11442: checking dynamic linker characteristics
configure:12023: gcc -o conftest -g -O2   -Wl,-rpath -Wl,/foo conftest.c  >&5
configure:12023: $? = 0
configure:12260: result: GNU/Linux ld.so
configure:12382: checking how to hardcode library paths into programs
configure:12407: result: immediate
configure:12955: checking whether stripping libraries is possible
configure:12960: result: yes
configure:12995: checking if libtool supports shared libraries
configure:12997: result: yes
configure:13000: checking whether to build shared libraries
configure:13025: result: yes
configure:13028: checking whether to build static libraries
configure:13032: result: no
configure:13055: checking how to run the C++ preprocessor
configure:13082: g++ -E  conftest.cpp
configure:13082: $? = 0
configure:13096: g++ -E  conftest.cpp
conftest.cpp:22:28: error: ac_nonexistent.h: No such file or directory
configure:13096: $? = 1
configure: failed program was:
| /* confdefs.h */
| #define PACKAGE_NAME "libclamavc++"
| #define PACKAGE_TARNAME "libclamavc--"
| #define PACKAGE_VERSION "devel"
| #define PACKAGE_STRING "libclamavc++ devel"
| #define PACKAGE_BUGREPORT "http://bugs.clamav.net"
| #define PACKAGE_URL ""
| #define STDC_HEADERS 1
| #define HAVE_SYS_TYPES_H 1
| #define HAVE_SYS_STAT_H 1
| #define HAVE_STDLIB_H 1
| #define HAVE_STRING_H 1
| #define HAVE_MEMORY_H 1
| #define HAVE_STRINGS_H 1
| #define HAVE_INTTYPES_H 1
| #define HAVE_STDINT_H 1
| #define HAVE_UNISTD_H 1
| #define HAVE_LIBSSL 1
| #define HAVE_DLFCN_H 1
| #define LT_OBJDIR ".libs/"
| /* end confdefs.h.  */
| #include <ac_nonexistent.h>
configure:13121: result: g++ -E
configure:13141: g++ -E  conftest.cpp
configure:13141: $? = 0
configure:13155: g++ -E  conftest.cpp
conftest.cpp:22:28: error: ac_nonexistent.h: No such file or directory
configure:13155: $? = 1
configure: failed program was:
| /* confdefs.h */
| #define PACKAGE_NAME "libclamavc++"
| #define PACKAGE_TARNAME "libclamavc--"
| #define PACKAGE_VERSION "devel"
| #define PACKAGE_STRING "libclamavc++ devel"
| #define PACKAGE_BUGREPORT "http://bugs.clamav.net"
| #define PACKAGE_URL ""
| #define STDC_HEADERS 1
| #define HAVE_SYS_TYPES_H 1
| #define HAVE_SYS_STAT_H 1
| #define HAVE_STDLIB_H 1
| #define HAVE_STRING_H 1
| #define HAVE_MEMORY_H 1
| #define HAVE_STRINGS_H 1
| #define HAVE_INTTYPES_H 1
| #define HAVE_STDINT_H 1
| #define HAVE_UNISTD_H 1
| #define HAVE_LIBSSL 1
| #define HAVE_DLFCN_H 1
| #define LT_OBJDIR ".libs/"
| /* end confdefs.h.  */
| #include <ac_nonexistent.h>
configure:13317: checking for ld used by g++
configure:13384: result: /usr/bin/ld -m elf_x86_64
configure:13391: checking if the linker (/usr/bin/ld -m elf_x86_64) is GNU ld
configure:13406: result: yes
configure:13461: checking whether the g++ linker (/usr/bin/ld -m elf_x86_64) supports shared libraries
configure:14534: result: yes
configure:14570: g++ -c -O2  conftest.cpp >&5
configure:14573: $? = 0
configure:15054: checking for g++ option to produce PIC
configure:15061: result: -fPIC -DPIC
configure:15069: checking if g++ PIC flag -fPIC -DPIC works
configure:15087: g++ -c -O2  -fPIC -DPIC -DPIC conftest.cpp >&5
configure:15091: $? = 0
configure:15104: result: yes
configure:15127: checking if g++ static flag -static works
configure:15155: result: no
configure:15167: checking if g++ supports -c -o file.o
configure:15188: g++ -c -O2  -o out/conftest2.o conftest.cpp >&5
configure:15192: $? = 0
configure:15214: result: yes
configure:15219: checking if g++ supports -c -o file.o
configure:15266: result: yes
configure:15296: checking whether the g++ linker (/usr/bin/ld -m elf_x86_64) supports shared libraries
configure:15336: result: yes
configure:15477: checking dynamic linker characteristics
configure:16222: result: GNU/Linux ld.so
configure:16287: checking how to hardcode library paths into programs
configure:16312: result: immediate
configure:16377: checking for GNU make
configure:16392: result: make
configure:16576: checking for supported LLVM version
configure:16580: result: ok (2.8)
configure:16690: checking for supported C++ compiler version
configure:16702: result: ok (4.4.7)
configure:16706: checking for supported OS
configure:16712: result: ok (x86_64-linux-gnu)
configure:16729: checking for working libstdc++
configure:16775: g++ -o conftest -O2   conftest.cpp  >&5
configure:16775: $? = 0
configure:16775: ./conftest
configure:16775: $? = 0
configure:16776: result: yes
configure:16835: Building X86 backend: yes
configure:16837: Building PPC backend: no
configure:16856: checking optional compiler flags
configure:16862: result: -Wno-variadic-macros -Wno-missing-field-initializers
configure:16985: checking that generated files are newer than configure
configure:16991: result: done
configure:17039: creating ./config.status

## ---------------------- ##
## Running config.status. ##
## ---------------------- ##

This file was extended by libclamavc++ config.status devel, which was
generated by GNU Autoconf 2.69.  Invocation command line was

  CONFIG_FILES    = 
  CONFIG_HEADERS  = 
  CONFIG_LINKS    = 
  CONFIG_COMMANDS = 
  $ ./config.status 

on localhost

config.status:1173: creating Makefile
config.status:1173: creating clamavcxx-config.h
config.status:1402: executing depfiles commands
config.status:1402: executing libtool commands
configure:19513: === configuring in llvm (/root/Emergency-Response/clamav-0.99.2/libclamav/c++/llvm)
configure:19576: running /bin/sh ./configure --disable-option-checking '--prefix=/usr/local'  '--with-user=root' '--with-group=root' '--enable-ltdl-convenience' '--enable-optimized' 'llvm_cv_gnu_make_command=make' '--enable-targets=host-only' '--enable-bindings=none' '--enable-libffi=no' '--without-llvmgcc' '--without-llvmgxx' --cache-file=/dev/null --srcdir=.

## ---------------- ##
## Cache variables. ##
## ---------------- ##

ac_cv_build=x86_64-unknown-linux-gnu
ac_cv_c_bigendian=no
ac_cv_c_compiler_gnu=yes
ac_cv_cxx_compiler_gnu=yes
ac_cv_env_CCC_set=
ac_cv_env_CCC_value=
ac_cv_env_CC_set=
ac_cv_env_CC_value=
ac_cv_env_CFLAGS_set=
ac_cv_env_CFLAGS_value=
ac_cv_env_CPPFLAGS_set=
ac_cv_env_CPPFLAGS_value=
ac_cv_env_CPP_set=
ac_cv_env_CPP_value=
ac_cv_env_CXXCPP_set=
ac_cv_env_CXXCPP_value=
ac_cv_env_CXXFLAGS_set=
ac_cv_env_CXXFLAGS_value=
ac_cv_env_CXX_set=
ac_cv_env_CXX_value=
ac_cv_env_LDFLAGS_set=
ac_cv_env_LDFLAGS_value=
ac_cv_env_LIBS_set=
ac_cv_env_LIBS_value=
ac_cv_env_LT_SYS_LIBRARY_PATH_set=
ac_cv_env_LT_SYS_LIBRARY_PATH_value=
ac_cv_env_build_alias_set=
ac_cv_env_build_alias_value=
ac_cv_env_host_alias_set=
ac_cv_env_host_alias_value=
ac_cv_env_target_alias_set=
ac_cv_env_target_alias_value=
ac_cv_header_dlfcn_h=yes
ac_cv_header_inttypes_h=yes
ac_cv_header_memory_h=yes
ac_cv_header_stdc=yes
ac_cv_header_stdint_h=yes
ac_cv_header_stdlib_h=yes
ac_cv_header_string_h=yes
ac_cv_header_strings_h=yes
ac_cv_header_sys_stat_h=yes
ac_cv_header_sys_types_h=yes
ac_cv_header_unistd_h=yes
ac_cv_host=x86_64-unknown-linux-gnu
ac_cv_lib_crypto_EVP_EncryptInit=yes
ac_cv_lib_ssl_SSL_library_init=yes
ac_cv_lib_ssl_X509_VERIFY_PARAM_new=yes
ac_cv_objext=o
ac_cv_path_EGREP='/bin/grep -E'
ac_cv_path_FGREP='/bin/grep -F'
ac_cv_path_GREP=/bin/grep
ac_cv_path_SED=/bin/sed
ac_cv_path_install='/usr/bin/install -c'
ac_cv_path_lt_DD=/bin/dd
ac_cv_path_mkdir=/bin/mkdir
ac_cv_prog_AWK=gawk
ac_cv_prog_CPP='gcc -E'
ac_cv_prog_CXXCPP='g++ -E'
ac_cv_prog_ac_ct_AR=ar
ac_cv_prog_ac_ct_CC=gcc
ac_cv_prog_ac_ct_CXX=g++
ac_cv_prog_ac_ct_OBJDUMP=objdump
ac_cv_prog_ac_ct_RANLIB=ranlib
ac_cv_prog_ac_ct_STRIP=strip
ac_cv_prog_cc_c89=
ac_cv_prog_cc_g=yes
ac_cv_prog_cxx_g=yes
ac_cv_prog_make_make_set=yes
ac_cv_target=x86_64-unknown-linux-gnu
am_cv_CC_dependencies_compiler_type=gcc3
am_cv_CXX_dependencies_compiler_type=gcc3
am_cv_make_support_nested_variables=yes
am_cv_prog_cc_c_o=yes
am_cv_prog_tar_pax=gnutar
llvm_cv_gnu_make_command=make
lt_cv_ar_at_file=@
lt_cv_archive_cmds_need_lc=no
lt_cv_deplibs_check_method=pass_all
lt_cv_file_magic_cmd='$MAGIC_CMD'
lt_cv_file_magic_test_file=
lt_cv_ld_reload_flag=-r
lt_cv_nm_interface='BSD nm'
lt_cv_objdir=.libs
lt_cv_path_LD=/usr/bin/ld
lt_cv_path_LDCXX='/usr/bin/ld -m elf_x86_64'
lt_cv_path_NM='/usr/bin/nm -B'
lt_cv_path_mainfest_tool=no
lt_cv_prog_compiler_c_o=yes
lt_cv_prog_compiler_c_o_CXX=yes
lt_cv_prog_compiler_pic='-fPIC -DPIC'
lt_cv_prog_compiler_pic_CXX='-fPIC -DPIC'
lt_cv_prog_compiler_pic_works=yes
lt_cv_prog_compiler_pic_works_CXX=yes
lt_cv_prog_compiler_rtti_exceptions=no
lt_cv_prog_compiler_static_works=no
lt_cv_prog_compiler_static_works_CXX=no
lt_cv_prog_gnu_ld=yes
lt_cv_prog_gnu_ldcxx=yes
lt_cv_sharedlib_from_linklib_cmd='printf %s\n'
lt_cv_shlibpath_overrides_runpath=no
lt_cv_sys_global_symbol_pipe='sed -n -e '\''s/^.*[	 ]\([ABCDGIRSTW][ABCDGIRSTW]*\)[	 ][	 ]*\([_A-Za-z][_A-Za-z0-9]*\)$/\1 \2 \2/p'\'' | sed '\''/ __gnu_lto/d'\'''
lt_cv_sys_global_symbol_to_c_name_address='sed -n -e '\''s/^: \(.*\) .*$/  {"\1", (void *) 0},/p'\'' -e '\''s/^[ABCDGIRSTW][ABCDGIRSTW]* .* \(.*\)$/  {"\1", (void *) \&\1},/p'\'''
lt_cv_sys_global_symbol_to_c_name_address_lib_prefix='sed -n -e '\''s/^: \(.*\) .*$/  {"\1", (void *) 0},/p'\'' -e '\''s/^[ABCDGIRSTW][ABCDGIRSTW]* .* \(lib.*\)$/  {"\1", (void *) \&\1},/p'\'' -e '\''s/^[ABCDGIRSTW][ABCDGIRSTW]* .* \(.*\)$/  {"lib\1", (void *) \&\1},/p'\'''
lt_cv_sys_global_symbol_to_cdecl='sed -n -e '\''s/^T .* \(.*\)$/extern int \1();/p'\'' -e '\''s/^[ABCDGIRSTW][ABCDGIRSTW]* .* \(.*\)$/extern char \1;/p'\'''
lt_cv_sys_global_symbol_to_import=
lt_cv_sys_max_cmd_len=1966080
lt_cv_to_host_file_cmd=func_convert_file_noop
lt_cv_to_tool_file_cmd=func_convert_file_noop
lt_cv_truncate_bin='/bin/dd bs=4096 count=1'

## ----------------- ##
## Output variables. ##
## ----------------- ##

ACLOCAL='${SHELL} /root/Emergency-Response/clamav-0.99.2/libclamav/c++/config/missing aclocal-1.14'
AMDEPBACKSLASH='\'
AMDEP_FALSE='#'
AMDEP_TRUE=''
AMTAR='$${TAR-tar}'
AM_BACKSLASH='\'
AM_DEFAULT_V='$(AM_DEFAULT_VERBOSITY)'
AM_DEFAULT_VERBOSITY='0'
AM_V='$(V)'
AR='ar'
AUTOCONF='${SHELL} /root/Emergency-Response/clamav-0.99.2/libclamav/c++/config/missing autoconf'
AUTOHEADER='${SHELL} /root/Emergency-Response/clamav-0.99.2/libclamav/c++/config/missing autoheader'
AUTOMAKE='${SHELL} /root/Emergency-Response/clamav-0.99.2/libclamav/c++/config/missing automake-1.14'
AWK='gawk'
BUILD_EXTERNAL_LLVM_FALSE=''
BUILD_EXTERNAL_LLVM_TRUE='#'
BUILD_PPC_FALSE=''
BUILD_PPC_TRUE='#'
BUILD_X86_FALSE='#'
BUILD_X86_TRUE=''
CC='gcc'
CCDEPMODE='depmode=gcc3'
CFLAGS='-g -O2'
CPP='gcc -E'
CPPFLAGS=''
CXX='g++'
CXXCPP='g++ -E'
CXXDEPMODE='depmode=gcc3'
CXXFLAGS='-O2'
CYGPATH_W='echo'
DEBUG_BUILD_FALSE=''
DEBUG_BUILD_TRUE='#'
DEFS='-DHAVE_CONFIG_H'
DEPDIR='.deps'
DLLTOOL='false'
DSYMUTIL=''
DUMPBIN=''
ECHO_C=''
ECHO_N='-n'
ECHO_T=''
EGREP='/bin/grep -E'
EXEEXT=''
FGREP='/bin/grep -F'
GMAKE='make'
GREP='/bin/grep'
INSTALL_DATA='${INSTALL} -m 644'
INSTALL_PROGRAM='${INSTALL}'
INSTALL_SCRIPT='${INSTALL}'
INSTALL_STRIP_PROGRAM='$(install_sh) -c -s'
LD='/usr/bin/ld -m elf_x86_64'
LDFLAGS=''
LIBOBJS=''
LIBS=''
LIBTOOL='$(SHELL) $(top_builddir)/libtool'
LIPO=''
LLVMCONFIG_CXXFLAGS=''
LLVMCONFIG_LDFLAGS=''
LLVMCONFIG_LIBFILES=''
LLVMCONFIG_LIBS=''
LLVM_VERSION='28'
LN_S='ln -s'
LTLIBOBJS=''
LT_SYS_LIBRARY_PATH=''
MAINT='#'
MAINTAINER_MODE_FALSE=''
MAINTAINER_MODE_TRUE='#'
MAKEINFO='${SHELL} /root/Emergency-Response/clamav-0.99.2/libclamav/c++/config/missing makeinfo'
MANIFEST_TOOL=':'
MKDIR_P='/bin/mkdir -p'
NM='/usr/bin/nm -B'
NMEDIT=''
NO_MISSING_FIELD_INITIALIZERS='-Wno-missing-field-initializers'
NO_VARIADIC_MACROS='-Wno-variadic-macros'
OBJDUMP='objdump'
OBJEXT='o'
OTOOL64=''
OTOOL=''
PACKAGE='libclamavc--'
PACKAGE_BUGREPORT='http://bugs.clamav.net'
PACKAGE_NAME='libclamavc++'
PACKAGE_STRING='libclamavc++ devel'
PACKAGE_TARNAME='libclamavc--'
PACKAGE_URL=''
PACKAGE_VERSION='devel'
PATH_SEPARATOR=':'
RANLIB='ranlib'
SED='/bin/sed'
SET_MAKE=''
SHELL='/bin/sh'
SSL_CPPFLAGS=''
STRIP='strip'
THREAD_LIBS='-pthread'
VERSION='devel'
ac_ct_AR='ar'
ac_ct_CC='gcc'
ac_ct_CXX='g++'
ac_ct_DUMPBIN=''
am__EXEEXT_FALSE=''
am__EXEEXT_TRUE='#'
am__fastdepCC_FALSE='#'
am__fastdepCC_TRUE=''
am__fastdepCXX_FALSE='#'
am__fastdepCXX_TRUE=''
am__include='include'
am__isrc=''
am__leading_dot='.'
am__nodep='_no'
am__quote=''
am__tar='tar --format=posix -chf - "$$tardir"'
am__untar='tar -xf -'
bindir='${exec_prefix}/bin'
build='x86_64-unknown-linux-gnu'
build_alias=''
build_cpu='x86_64'
build_os='linux-gnu'
build_vendor='unknown'
datadir='${datarootdir}'
datarootdir='${prefix}/share'
docdir='${datarootdir}/doc/${PACKAGE_TARNAME}'
dvidir='${docdir}'
exec_prefix='${prefix}'
host='x86_64-unknown-linux-gnu'
host_alias=''
host_cpu='x86_64'
host_os='linux-gnu'
host_vendor='unknown'
htmldir='${docdir}'
ifGNUmake=''
includedir='${prefix}/include'
infodir='${datarootdir}/info'
install_sh='${SHELL} /root/Emergency-Response/clamav-0.99.2/libclamav/c++/config/install-sh'
libdir='${exec_prefix}/lib'
libexecdir='${exec_prefix}/libexec'
llvmconfig=''
localedir='${datarootdir}/locale'
localstatedir='${prefix}/var'
mandir='${datarootdir}/man'
mkdir_p='$(MKDIR_P)'
oldincludedir='/usr/include'
pdfdir='${docdir}'
prefix='/usr/local'
program_transform_name='s,x,x,'
psdir='${docdir}'
sbindir='${exec_prefix}/sbin'
sharedstatedir='${prefix}/com'
subdirs=' llvm'
sysconfdir='${prefix}/etc'
target='x86_64-unknown-linux-gnu'
target_alias=''
target_cpu='x86_64'
target_os='linux-gnu'
target_vendor='unknown'

## ----------- ##
## confdefs.h. ##
## ----------- ##

/* confdefs.h */
#define PACKAGE_NAME "libclamavc++"
#define PACKAGE_TARNAME "libclamavc--"
#define PACKAGE_VERSION "devel"
#define PACKAGE_STRING "libclamavc++ devel"
#define PACKAGE_BUGREPORT "http://bugs.clamav.net"
#define PACKAGE_URL ""
#define STDC_HEADERS 1
#define HAVE_SYS_TYPES_H 1
#define HAVE_SYS_STAT_H 1
#define HAVE_STDLIB_H 1
#define HAVE_STRING_H 1
#define HAVE_MEMORY_H 1
#define HAVE_STRINGS_H 1
#define HAVE_INTTYPES_H 1
#define HAVE_STDINT_H 1
#define HAVE_UNISTD_H 1
#define HAVE_LIBSSL 1
#define HAVE_DLFCN_H 1
#define LT_OBJDIR ".libs/"

configure: exit 0
